<?xml version="1.0" encoding="UTF-8"?>
<!-- Generated by org.testng.reporters.JUnitReportReporter -->
<testsuite hostname="DESKTOP-04UHSMM" name="games.Report" tests="1" failures="0" timestamp="17 Aug 2020 17:58:20 GMT" time="5.559" errors="0">
  <testcase name="runReport" time="5.559" classname="games.Report"/>
</testsuite> <!-- games.Report -->
