<?xml version="1.0" encoding="UTF-8"?>
<!-- Generated by org.testng.reporters.JUnitReportReporter -->
<testsuite hostname="DESKTOP-04UHSMM" name="NewTest" tests="3" failures="0" timestamp="17 Aug 2020 14:10:58 GMT" time="200.495" errors="0">
  <testcase name="checkInput" time="0.016" classname="NewTest"/>
  <testcase name="executeGame" time="200.477" classname="NewTest"/>
  <testcase name="checkOutput" time="0.002" classname="NewTest"/>
</testsuite> <!-- NewTest -->
