<?xml version="1.0" encoding="UTF-8"?>
<!-- Generated by org.testng.reporters.JUnitReportReporter -->
<testsuite hostname="DESKTOP-04UHSMM" name="games.NewTest" tests="3" failures="0" timestamp="17 Aug 2020 19:07:51 GMT" time="40.772" errors="0">
  <testcase name="executeGame" time="40.753" classname="games.NewTest"/>
  <testcase name="checkOutput" time="0.000" classname="games.NewTest"/>
  <testcase name="checkInput" time="0.019" classname="games.NewTest"/>
</testsuite> <!-- games.NewTest -->
